<?xml version="1.0" encoding="UTF-8"?>
<!-- Generated by org.testng.reporters.JUnitReportReporter -->
<testsuite hostname="DESKTOP-LQS24JT" failures="0" tests="1" name="demo.SimpleBooks" time="0.001" errors="0" timestamp="2023-05-15T14:21:24 IST" skipped="1">
  <testcase classname="demo.SimpleBooks" name="CreateBoard" time="0.001">
    <skipped/>
  </testcase> <!-- CreateBoard -->
  <system-out/>
</testsuite> <!-- demo.SimpleBooks -->
