<?xml version="1.0" encoding="UTF-8"?>
<!-- Generated by org.testng.reporters.JUnitReportReporter -->
<testsuite hostname="DESKTOP-LQS24JT" failures="0" tests="1" name="demo.TrelloAPI" time="7.530" errors="0" timestamp="2023-05-15T15:07:33 IST" skipped="0">
  <testcase classname="demo.TrelloAPI" name="CreateBoard" time="7.530"/>
  <system-out/>
</testsuite> <!-- demo.TrelloAPI -->
